2021-09-26 18:35:33,666 [Worker-3: Loading available Gradle versions] INFO  o.e.b.c.i.u.g.PublishedGradleVersions - Gradle version information cache is up-to-date. Trying to read.
2021-09-26 18:36:30,572 [Worker-1: Building] INFO  o.e.m.c.i.l.LifecycleMappingFactory - Using org.eclipse.m2e.jdt.JarLifecycleMapping lifecycle mapping for MavenProject: br.com.alura.microservice.auth:auth:0.0.1-SNAPSHOT @ /home/max/Estudos/alura/Spring-Cloud-microservices/microservicos/auth/pom.xml.
2021-09-26 18:36:41,818 [Worker-1: Building] INFO  o.e.m.c.i.e.AbstractTransferListenerAdapter - Downloading http://nexus.tip/repository/fabrica/org/springframework/boot/spring-boot-starter-security/2.1.5.RELEASE/spring-boot-starter-security-2.1.5.RELEASE.pom
2021-09-26 18:36:42,089 [Worker-1: Building] INFO  o.e.m.c.i.e.AbstractTransferListenerAdapter - Downloaded http://nexus.tip/repository/fabrica/org/springframework/boot/spring-boot-starter-security/2.1.5.RELEASE/spring-boot-starter-security-2.1.5.RELEASE.pom
2021-09-26 18:36:42,336 [Worker-1: Building] INFO  o.e.m.c.i.e.AbstractTransferListenerAdapter - Downloading http://nexus.tip/repository/fabrica/org/springframework/security/spring-security-config/5.1.5.RELEASE/spring-security-config-5.1.5.RELEASE.pom
2021-09-26 18:36:42,548 [Worker-1: Building] INFO  o.e.m.c.i.e.AbstractTransferListenerAdapter - Downloaded http://nexus.tip/repository/fabrica/org/springframework/security/spring-security-config/5.1.5.RELEASE/spring-security-config-5.1.5.RELEASE.pom
2021-09-26 18:36:42,672 [Worker-1: Building] INFO  o.e.m.c.i.e.AbstractTransferListenerAdapter - Downloading http://nexus.tip/repository/fabrica/org/springframework/security/spring-security-core/5.1.5.RELEASE/spring-security-core-5.1.5.RELEASE.pom
2021-09-26 18:36:42,779 [Worker-1: Building] INFO  o.e.m.c.i.e.AbstractTransferListenerAdapter - Downloaded http://nexus.tip/repository/fabrica/org/springframework/security/spring-security-core/5.1.5.RELEASE/spring-security-core-5.1.5.RELEASE.pom
2021-09-26 18:36:42,878 [Worker-1: Building] INFO  o.e.m.c.i.e.AbstractTransferListenerAdapter - Downloading http://nexus.tip/repository/fabrica/org/springframework/security/spring-security-web/5.1.5.RELEASE/spring-security-web-5.1.5.RELEASE.pom
2021-09-26 18:36:42,997 [Worker-1: Building] INFO  o.e.m.c.i.e.AbstractTransferListenerAdapter - Downloaded http://nexus.tip/repository/fabrica/org/springframework/security/spring-security-web/5.1.5.RELEASE/spring-security-web-5.1.5.RELEASE.pom
2021-09-26 18:36:43,410 [Worker-1: Building] INFO  o.e.m.c.i.e.AbstractTransferListenerAdapter - Downloading http://nexus.tip/repository/fabrica/org/springframework/cloud/spring-cloud-starter-oauth2/2.1.2.RELEASE/spring-cloud-starter-oauth2-2.1.2.RELEASE.pom
2021-09-26 18:36:43,686 [Worker-1: Building] INFO  o.e.m.c.i.e.AbstractTransferListenerAdapter - Downloaded http://nexus.tip/repository/fabrica/org/springframework/cloud/spring-cloud-starter-oauth2/2.1.2.RELEASE/spring-cloud-starter-oauth2-2.1.2.RELEASE.pom
2021-09-26 18:36:43,961 [Worker-1: Building] INFO  o.e.m.c.i.e.AbstractTransferListenerAdapter - Downloading http://nexus.tip/repository/fabrica/org/springframework/cloud/spring-cloud-security-parent/2.1.2.RELEASE/spring-cloud-security-parent-2.1.2.RELEASE.pom
2021-09-26 18:36:44,208 [Worker-1: Building] INFO  o.e.m.c.i.e.AbstractTransferListenerAdapter - Downloaded http://nexus.tip/repository/fabrica/org/springframework/cloud/spring-cloud-security-parent/2.1.2.RELEASE/spring-cloud-security-parent-2.1.2.RELEASE.pom
2021-09-26 18:36:44,475 [Worker-1: Building] INFO  o.e.m.c.i.e.AbstractTransferListenerAdapter - Downloading http://nexus.tip/repository/fabrica/org/springframework/cloud/spring-cloud-starter-security/2.1.2.RELEASE/spring-cloud-starter-security-2.1.2.RELEASE.pom
2021-09-26 18:36:44,724 [Worker-1: Building] INFO  o.e.m.c.i.e.AbstractTransferListenerAdapter - Downloaded http://nexus.tip/repository/fabrica/org/springframework/cloud/spring-cloud-starter-security/2.1.2.RELEASE/spring-cloud-starter-security-2.1.2.RELEASE.pom
2021-09-26 18:36:45,033 [Worker-1: Building] INFO  o.e.m.c.i.e.AbstractTransferListenerAdapter - Downloading http://nexus.tip/repository/fabrica/org/springframework/cloud/spring-cloud-security/2.1.2.RELEASE/spring-cloud-security-2.1.2.RELEASE.pom
2021-09-26 18:36:45,314 [Worker-1: Building] INFO  o.e.m.c.i.e.AbstractTransferListenerAdapter - Downloaded http://nexus.tip/repository/fabrica/org/springframework/cloud/spring-cloud-security/2.1.2.RELEASE/spring-cloud-security-2.1.2.RELEASE.pom
2021-09-26 18:36:45,486 [Worker-1: Building] INFO  o.e.m.c.i.e.AbstractTransferListenerAdapter - Downloading http://nexus.tip/repository/fabrica/org/springframework/security/oauth/boot/spring-security-oauth2-autoconfigure/2.1.2.RELEASE/spring-security-oauth2-autoconfigure-2.1.2.RELEASE.pom
2021-09-26 18:36:45,596 [Worker-1: Building] INFO  o.e.m.c.i.e.AbstractTransferListenerAdapter - Downloaded http://nexus.tip/repository/fabrica/org/springframework/security/oauth/boot/spring-security-oauth2-autoconfigure/2.1.2.RELEASE/spring-security-oauth2-autoconfigure-2.1.2.RELEASE.pom
2021-09-26 18:36:45,767 [Worker-1: Building] INFO  o.e.m.c.i.e.AbstractTransferListenerAdapter - Downloading http://nexus.tip/repository/fabrica/com/sun/xml/bind/jaxb-core/2.3.0.1/jaxb-core-2.3.0.1.pom
2021-09-26 18:36:45,979 [Worker-1: Building] INFO  o.e.m.c.i.e.AbstractTransferListenerAdapter - Downloaded http://nexus.tip/repository/fabrica/com/sun/xml/bind/jaxb-core/2.3.0.1/jaxb-core-2.3.0.1.pom
2021-09-26 18:36:46,100 [Worker-1: Building] INFO  o.e.m.c.i.e.AbstractTransferListenerAdapter - Downloading http://nexus.tip/repository/fabrica/com/sun/xml/bind/mvn/jaxb-bundles/2.3.0.1/jaxb-bundles-2.3.0.1.pom
2021-09-26 18:36:46,261 [Worker-1: Building] INFO  o.e.m.c.i.e.AbstractTransferListenerAdapter - Downloaded http://nexus.tip/repository/fabrica/com/sun/xml/bind/mvn/jaxb-bundles/2.3.0.1/jaxb-bundles-2.3.0.1.pom
2021-09-26 18:36:46,386 [Worker-1: Building] INFO  o.e.m.c.i.e.AbstractTransferListenerAdapter - Downloading http://nexus.tip/repository/fabrica/com/sun/xml/bind/mvn/jaxb-parent/2.3.0.1/jaxb-parent-2.3.0.1.pom
2021-09-26 18:36:46,581 [Worker-1: Building] INFO  o.e.m.c.i.e.AbstractTransferListenerAdapter - Downloaded http://nexus.tip/repository/fabrica/com/sun/xml/bind/mvn/jaxb-parent/2.3.0.1/jaxb-parent-2.3.0.1.pom
2021-09-26 18:36:46,894 [Worker-1: Building] INFO  o.e.m.c.i.e.AbstractTransferListenerAdapter - Downloading http://nexus.tip/repository/fabrica/com/sun/xml/bind/jaxb-bom-ext/2.3.0.1/jaxb-bom-ext-2.3.0.1.pom
2021-09-26 18:36:46,975 [Worker-1: Building] INFO  o.e.m.c.i.e.AbstractTransferListenerAdapter - Downloaded http://nexus.tip/repository/fabrica/com/sun/xml/bind/jaxb-bom-ext/2.3.0.1/jaxb-bom-ext-2.3.0.1.pom
2021-09-26 18:36:47,094 [Worker-1: Building] INFO  o.e.m.c.i.e.AbstractTransferListenerAdapter - Downloading http://nexus.tip/repository/fabrica/org/glassfish/jaxb/jaxb-bom/2.3.0.1/jaxb-bom-2.3.0.1.pom
2021-09-26 18:36:47,220 [Worker-1: Building] INFO  o.e.m.c.i.e.AbstractTransferListenerAdapter - Downloaded http://nexus.tip/repository/fabrica/org/glassfish/jaxb/jaxb-bom/2.3.0.1/jaxb-bom-2.3.0.1.pom
2021-09-26 18:36:47,347 [Worker-1: Building] INFO  o.e.m.c.i.e.AbstractTransferListenerAdapter - Downloading http://nexus.tip/repository/fabrica/com/sun/xml/bind/jaxb-impl/2.3.0.1/jaxb-impl-2.3.0.1.pom
2021-09-26 18:36:47,602 [Worker-1: Building] INFO  o.e.m.c.i.e.AbstractTransferListenerAdapter - Downloaded http://nexus.tip/repository/fabrica/com/sun/xml/bind/jaxb-impl/2.3.0.1/jaxb-impl-2.3.0.1.pom
2021-09-26 18:36:47,743 [Worker-1: Building] INFO  o.e.m.c.i.e.AbstractTransferListenerAdapter - Downloading http://nexus.tip/repository/fabrica/org/springframework/security/oauth/spring-security-oauth2/2.3.4.RELEASE/spring-security-oauth2-2.3.4.RELEASE.pom
2021-09-26 18:36:47,862 [Worker-1: Building] INFO  o.e.m.c.i.e.AbstractTransferListenerAdapter - Downloaded http://nexus.tip/repository/fabrica/org/springframework/security/oauth/spring-security-oauth2/2.3.4.RELEASE/spring-security-oauth2-2.3.4.RELEASE.pom
2021-09-26 18:36:47,999 [Worker-1: Building] INFO  o.e.m.c.i.e.AbstractTransferListenerAdapter - Downloading http://nexus.tip/repository/fabrica/org/springframework/security/oauth/spring-security-oauth-parent/2.3.4.RELEASE/spring-security-oauth-parent-2.3.4.RELEASE.pom
2021-09-26 18:36:48,126 [Worker-1: Building] INFO  o.e.m.c.i.e.AbstractTransferListenerAdapter - Downloaded http://nexus.tip/repository/fabrica/org/springframework/security/oauth/spring-security-oauth-parent/2.3.4.RELEASE/spring-security-oauth-parent-2.3.4.RELEASE.pom
2021-09-26 18:36:48,243 [Worker-1: Building] INFO  o.e.m.c.i.e.AbstractTransferListenerAdapter - Downloading http://nexus.tip/repository/fabrica/org/springframework/security/spring-security-jwt/1.0.9.RELEASE/spring-security-jwt-1.0.9.RELEASE.pom
2021-09-26 18:36:48,361 [Worker-1: Building] INFO  o.e.m.c.i.e.AbstractTransferListenerAdapter - Downloaded http://nexus.tip/repository/fabrica/org/springframework/security/spring-security-jwt/1.0.9.RELEASE/spring-security-jwt-1.0.9.RELEASE.pom
2021-09-26 18:36:48,686 [Worker-1: Building] INFO  o.e.m.c.i.e.AbstractTransferListenerAdapter - Downloading http://nexus.tip/repository/fabrica/org/springframework/security/spring-security-test/5.1.5.RELEASE/spring-security-test-5.1.5.RELEASE.pom
2021-09-26 18:36:48,924 [Worker-1: Building] INFO  o.e.m.c.i.e.AbstractTransferListenerAdapter - Downloaded http://nexus.tip/repository/fabrica/org/springframework/security/spring-security-test/5.1.5.RELEASE/spring-security-test-5.1.5.RELEASE.pom
2021-09-26 18:36:49,139 [AetherRepositoryConnector-nexus.tip-0-2] INFO  o.e.m.c.i.e.AbstractTransferListenerAdapter - Downloading http://nexus.tip/repository/fabrica/org/springframework/security/spring-security-web/5.1.5.RELEASE/spring-security-web-5.1.5.RELEASE.jar
2021-09-26 18:36:49,167 [AetherRepositoryConnector-nexus.tip-0-1] INFO  o.e.m.c.i.e.AbstractTransferListenerAdapter - Downloading http://nexus.tip/repository/fabrica/org/springframework/security/spring-security-config/5.1.5.RELEASE/spring-security-config-5.1.5.RELEASE.jar
2021-09-26 18:36:49,187 [AetherRepositoryConnector-nexus.tip-0-0] INFO  o.e.m.c.i.e.AbstractTransferListenerAdapter - Downloading http://nexus.tip/repository/fabrica/org/springframework/boot/spring-boot-starter-security/2.1.5.RELEASE/spring-boot-starter-security-2.1.5.RELEASE.jar
2021-09-26 18:36:49,435 [AetherRepositoryConnector-nexus.tip-0-0] INFO  o.e.m.c.i.e.AbstractTransferListenerAdapter - Downloaded http://nexus.tip/repository/fabrica/org/springframework/boot/spring-boot-starter-security/2.1.5.RELEASE/spring-boot-starter-security-2.1.5.RELEASE.jar
2021-09-26 18:36:49,527 [AetherRepositoryConnector-nexus.tip-0-3] INFO  o.e.m.c.i.e.AbstractTransferListenerAdapter - Downloading http://nexus.tip/repository/fabrica/org/springframework/cloud/spring-cloud-starter-oauth2/2.1.2.RELEASE/spring-cloud-starter-oauth2-2.1.2.RELEASE.jar
2021-09-26 18:36:49,545 [AetherRepositoryConnector-nexus.tip-0-4] INFO  o.e.m.c.i.e.AbstractTransferListenerAdapter - Downloading http://nexus.tip/repository/fabrica/org/springframework/cloud/spring-cloud-starter-security/2.1.2.RELEASE/spring-cloud-starter-security-2.1.2.RELEASE.jar
2021-09-26 18:36:49,698 [AetherRepositoryConnector-nexus.tip-0-0] INFO  o.e.m.c.i.e.AbstractTransferListenerAdapter - Downloading http://nexus.tip/repository/fabrica/org/springframework/cloud/spring-cloud-security/2.1.2.RELEASE/spring-cloud-security-2.1.2.RELEASE.jar
2021-09-26 18:36:49,812 [AetherRepositoryConnector-nexus.tip-0-4] INFO  o.e.m.c.i.e.AbstractTransferListenerAdapter - Downloaded http://nexus.tip/repository/fabrica/org/springframework/cloud/spring-cloud-starter-security/2.1.2.RELEASE/spring-cloud-starter-security-2.1.2.RELEASE.jar
2021-09-26 18:36:49,812 [AetherRepositoryConnector-nexus.tip-0-3] INFO  o.e.m.c.i.e.AbstractTransferListenerAdapter - Downloaded http://nexus.tip/repository/fabrica/org/springframework/cloud/spring-cloud-starter-oauth2/2.1.2.RELEASE/spring-cloud-starter-oauth2-2.1.2.RELEASE.jar
2021-09-26 18:36:49,812 [AetherRepositoryConnector-nexus.tip-0-2] INFO  o.e.m.c.i.e.AbstractTransferListenerAdapter - Downloaded http://nexus.tip/repository/fabrica/org/springframework/security/spring-security-web/5.1.5.RELEASE/spring-security-web-5.1.5.RELEASE.jar
2021-09-26 18:36:49,945 [AetherRepositoryConnector-nexus.tip-0-3] INFO  o.e.m.c.i.e.AbstractTransferListenerAdapter - Downloading http://nexus.tip/repository/fabrica/com/sun/xml/bind/jaxb-core/2.3.0.1/jaxb-core-2.3.0.1.jar
2021-09-26 18:36:49,945 [AetherRepositoryConnector-nexus.tip-0-4] INFO  o.e.m.c.i.e.AbstractTransferListenerAdapter - Downloading http://nexus.tip/repository/fabrica/org/springframework/security/oauth/boot/spring-security-oauth2-autoconfigure/2.1.2.RELEASE/spring-security-oauth2-autoconfigure-2.1.2.RELEASE.jar
2021-09-26 18:36:49,982 [AetherRepositoryConnector-nexus.tip-0-2] INFO  o.e.m.c.i.e.AbstractTransferListenerAdapter - Downloading http://nexus.tip/repository/fabrica/com/sun/xml/bind/jaxb-impl/2.3.0.1/jaxb-impl-2.3.0.1.jar
2021-09-26 18:36:49,984 [AetherRepositoryConnector-nexus.tip-0-1] INFO  o.e.m.c.i.e.AbstractTransferListenerAdapter - Downloaded http://nexus.tip/repository/fabrica/org/springframework/security/spring-security-config/5.1.5.RELEASE/spring-security-config-5.1.5.RELEASE.jar
2021-09-26 18:36:50,058 [AetherRepositoryConnector-nexus.tip-0-0] INFO  o.e.m.c.i.e.AbstractTransferListenerAdapter - Downloaded http://nexus.tip/repository/fabrica/org/springframework/cloud/spring-cloud-security/2.1.2.RELEASE/spring-cloud-security-2.1.2.RELEASE.jar
2021-09-26 18:36:50,104 [AetherRepositoryConnector-nexus.tip-0-1] INFO  o.e.m.c.i.e.AbstractTransferListenerAdapter - Downloading http://nexus.tip/repository/fabrica/org/springframework/security/oauth/spring-security-oauth2/2.3.4.RELEASE/spring-security-oauth2-2.3.4.RELEASE.jar
2021-09-26 18:36:50,171 [AetherRepositoryConnector-nexus.tip-0-0] INFO  o.e.m.c.i.e.AbstractTransferListenerAdapter - Downloading http://nexus.tip/repository/fabrica/org/springframework/security/spring-security-jwt/1.0.9.RELEASE/spring-security-jwt-1.0.9.RELEASE.jar
2021-09-26 18:36:50,292 [AetherRepositoryConnector-nexus.tip-0-3] INFO  o.e.m.c.i.e.AbstractTransferListenerAdapter - Downloaded http://nexus.tip/repository/fabrica/com/sun/xml/bind/jaxb-core/2.3.0.1/jaxb-core-2.3.0.1.jar
2021-09-26 18:36:50,349 [AetherRepositoryConnector-nexus.tip-0-4] INFO  o.e.m.c.i.e.AbstractTransferListenerAdapter - Downloaded http://nexus.tip/repository/fabrica/org/springframework/security/oauth/boot/spring-security-oauth2-autoconfigure/2.1.2.RELEASE/spring-security-oauth2-autoconfigure-2.1.2.RELEASE.jar
2021-09-26 18:36:50,361 [AetherRepositoryConnector-nexus.tip-0-0] INFO  o.e.m.c.i.e.AbstractTransferListenerAdapter - Downloaded http://nexus.tip/repository/fabrica/org/springframework/security/spring-security-jwt/1.0.9.RELEASE/spring-security-jwt-1.0.9.RELEASE.jar
2021-09-26 18:36:50,459 [AetherRepositoryConnector-nexus.tip-0-4] INFO  o.e.m.c.i.e.AbstractTransferListenerAdapter - Downloading http://nexus.tip/repository/fabrica/org/springframework/security/spring-security-core/5.1.5.RELEASE/spring-security-core-5.1.5.RELEASE.jar
2021-09-26 18:36:50,460 [AetherRepositoryConnector-nexus.tip-0-1] INFO  o.e.m.c.i.e.AbstractTransferListenerAdapter - Downloaded http://nexus.tip/repository/fabrica/org/springframework/security/oauth/spring-security-oauth2/2.3.4.RELEASE/spring-security-oauth2-2.3.4.RELEASE.jar
2021-09-26 18:36:50,668 [AetherRepositoryConnector-nexus.tip-0-3] INFO  o.e.m.c.i.e.AbstractTransferListenerAdapter - Downloading http://nexus.tip/repository/fabrica/org/springframework/security/spring-security-test/5.1.5.RELEASE/spring-security-test-5.1.5.RELEASE.jar
2021-09-26 18:36:51,031 [AetherRepositoryConnector-nexus.tip-0-3] INFO  o.e.m.c.i.e.AbstractTransferListenerAdapter - Downloaded http://nexus.tip/repository/fabrica/org/springframework/security/spring-security-test/5.1.5.RELEASE/spring-security-test-5.1.5.RELEASE.jar
2021-09-26 18:36:51,080 [AetherRepositoryConnector-nexus.tip-0-4] INFO  o.e.m.c.i.e.AbstractTransferListenerAdapter - Downloaded http://nexus.tip/repository/fabrica/org/springframework/security/spring-security-core/5.1.5.RELEASE/spring-security-core-5.1.5.RELEASE.jar
2021-09-26 18:36:51,684 [AetherRepositoryConnector-nexus.tip-0-2] INFO  o.e.m.c.i.e.AbstractTransferListenerAdapter - Downloaded http://nexus.tip/repository/fabrica/com/sun/xml/bind/jaxb-impl/2.3.0.1/jaxb-impl-2.3.0.1.jar
2021-09-26 18:36:52,605 [Worker-1: Building] INFO  o.e.m.c.i.embedder.EclipseLogger - Using 'UTF-8' encoding to copy filtered resources.
2021-09-26 18:36:52,609 [Worker-1: Building] INFO  o.e.m.c.i.embedder.EclipseLogger - Copying 1 resource
2021-09-26 18:36:52,619 [Worker-1: Building] INFO  o.e.m.c.i.embedder.EclipseLogger - Copying 0 resource
2021-09-26 18:36:52,622 [Worker-1: Building] INFO  o.e.m.c.i.embedder.EclipseLogger - Using 'UTF-8' encoding to copy filtered resources.
2021-09-26 18:36:52,622 [Worker-1: Building] INFO  o.e.m.c.i.embedder.EclipseLogger - skip non existing resourceDirectory /home/max/Estudos/alura/Spring-Cloud-microservices/microservicos/auth/src/test/resources
2021-09-26 18:36:52,876 [Worker-1: Building] INFO  o.e.m.c.i.l.LifecycleMappingFactory - Using org.eclipse.m2e.jdt.JarLifecycleMapping lifecycle mapping for MavenProject: br.com.alura.microservice.config:config-server:0.0.1-SNAPSHOT @ /home/max/Estudos/alura/Spring-Cloud-microservices/microservicos/config-server/pom.xml.
2021-09-26 18:36:53,240 [Worker-1: Building] INFO  o.e.m.c.i.embedder.EclipseLogger - Using 'UTF-8' encoding to copy filtered resources.
2021-09-26 18:36:53,241 [Worker-1: Building] INFO  o.e.m.c.i.embedder.EclipseLogger - Copying 1 resource
2021-09-26 18:36:53,242 [Worker-1: Building] INFO  o.e.m.c.i.embedder.EclipseLogger - Copying 0 resource
2021-09-26 18:36:53,245 [Worker-1: Building] INFO  o.e.m.c.i.embedder.EclipseLogger - Using 'UTF-8' encoding to copy filtered resources.
2021-09-26 18:36:53,245 [Worker-1: Building] INFO  o.e.m.c.i.embedder.EclipseLogger - skip non existing resourceDirectory /home/max/Estudos/alura/Spring-Cloud-microservices/microservicos/config-server/src/test/resources
2021-09-26 18:36:53,536 [Worker-1: Building] INFO  o.e.m.c.i.l.LifecycleMappingFactory - Using org.eclipse.m2e.jdt.JarLifecycleMapping lifecycle mapping for MavenProject: br.com.alura.microservice.eureka:eureka-server:0.0.1-SNAPSHOT @ /home/max/Estudos/alura/Spring-Cloud-microservices/microservicos/eureka-server/pom.xml.
2021-09-26 18:36:54,053 [Worker-1: Building] INFO  o.e.m.c.i.embedder.EclipseLogger - Using 'UTF-8' encoding to copy filtered resources.
2021-09-26 18:36:54,054 [Worker-1: Building] INFO  o.e.m.c.i.embedder.EclipseLogger - Copying 1 resource
2021-09-26 18:36:54,055 [Worker-1: Building] INFO  o.e.m.c.i.embedder.EclipseLogger - Copying 0 resource
2021-09-26 18:36:54,057 [Worker-1: Building] INFO  o.e.m.c.i.embedder.EclipseLogger - Using 'UTF-8' encoding to copy filtered resources.
2021-09-26 18:36:54,057 [Worker-1: Building] INFO  o.e.m.c.i.embedder.EclipseLogger - skip non existing resourceDirectory /home/max/Estudos/alura/Spring-Cloud-microservices/microservicos/eureka-server/src/test/resources
2021-09-26 18:36:54,591 [Worker-1: Building] INFO  o.e.m.c.i.l.LifecycleMappingFactory - Using org.eclipse.m2e.jdt.JarLifecycleMapping lifecycle mapping for MavenProject: br.com.alura.microservice.fornecedor:fornecedor:0.0.1-SNAPSHOT @ /home/max/Estudos/alura/Spring-Cloud-microservices/microservicos/fornecedor/pom.xml.
2021-09-26 18:36:55,080 [Worker-2: Download sources and javadoc] INFO  o.e.m.c.i.e.AbstractTransferListenerAdapter - Downloaded http://nexus.tip/repository/fabrica/org/springframework/boot/spring-boot-starter-security/2.1.5.RELEASE/spring-boot-starter-security-2.1.5.RELEASE-sources.jar
2021-09-26 18:36:55,084 [Worker-2: Download sources and javadoc] ERROR o.e.m.j.internal.DownloadSourcesJob - Could not download sources for org.springframework.boot:spring-boot-starter-security:2.1.5.RELEASE
org.eclipse.core.runtime.CoreException: Could not resolve artifact org.springframework.boot:spring-boot-starter-security:jar:sources:2.1.5.RELEASE
	at org.eclipse.m2e.core.internal.embedder.MavenImpl.lambda$4(MavenImpl.java:804)
	at org.eclipse.m2e.core.internal.embedder.MavenExecutionContext.executeBare(MavenExecutionContext.java:179)
	at org.eclipse.m2e.core.internal.embedder.MavenExecutionContext.execute(MavenExecutionContext.java:114)
	at org.eclipse.m2e.core.internal.embedder.MavenExecutionContext.execute(MavenExecutionContext.java:101)
	at org.eclipse.m2e.core.internal.embedder.MavenImpl.resolve(MavenImpl.java:772)
	at org.eclipse.m2e.core.internal.embedder.MavenImpl.resolve(MavenImpl.java:749)
	at org.eclipse.m2e.jdt.internal.DownloadSourcesJob.download(DownloadSourcesJob.java:330)
	at org.eclipse.m2e.jdt.internal.DownloadSourcesJob.downloadAttachments(DownloadSourcesJob.java:304)
	at org.eclipse.m2e.jdt.internal.DownloadSourcesJob.downloadMaven(DownloadSourcesJob.java:269)
	at org.eclipse.m2e.jdt.internal.DownloadSourcesJob.downloadFilesAndPopulateToUpdate(DownloadSourcesJob.java:233)
	at org.eclipse.m2e.jdt.internal.DownloadSourcesJob.lambda$0(DownloadSourcesJob.java:161)
	at org.eclipse.m2e.core.internal.embedder.MavenExecutionContext.executeBare(MavenExecutionContext.java:179)
	at org.eclipse.m2e.core.internal.embedder.MavenExecutionContext.execute(MavenExecutionContext.java:153)
	at org.eclipse.m2e.core.internal.embedder.MavenExecutionContext.execute(MavenExecutionContext.java:101)
	at org.eclipse.m2e.core.internal.embedder.MavenImpl.execute(MavenImpl.java:1374)
	at org.eclipse.m2e.jdt.internal.DownloadSourcesJob.run(DownloadSourcesJob.java:161)
	at org.eclipse.core.internal.jobs.Worker.run(Worker.java:63)
2021-09-26 18:36:55,242 [Worker-1: Building] INFO  o.e.m.c.i.embedder.EclipseLogger - Using 'UTF-8' encoding to copy filtered resources.
2021-09-26 18:36:55,243 [Worker-1: Building] INFO  o.e.m.c.i.embedder.EclipseLogger - Copying 1 resource
2021-09-26 18:36:55,255 [Worker-1: Building] INFO  o.e.m.c.i.embedder.EclipseLogger - Copying 1 resource
2021-09-26 18:36:55,260 [Worker-1: Building] INFO  o.e.m.c.i.embedder.EclipseLogger - Using 'UTF-8' encoding to copy filtered resources.
2021-09-26 18:36:55,260 [Worker-1: Building] INFO  o.e.m.c.i.embedder.EclipseLogger - skip non existing resourceDirectory /home/max/Estudos/alura/Spring-Cloud-microservices/microservicos/fornecedor/src/test/resources
2021-09-26 18:36:55,550 [Worker-1: Building] INFO  o.e.m.c.i.l.LifecycleMappingFactory - Using org.eclipse.m2e.jdt.JarLifecycleMapping lifecycle mapping for MavenProject: br.com.alura.microservice.loja:loja:0.0.1-SNAPSHOT @ /home/max/Estudos/alura/Spring-Cloud-microservices/microservicos/loja/pom.xml.
2021-09-26 18:36:55,694 [Worker-2: Download sources and javadoc] INFO  o.e.m.c.i.e.AbstractTransferListenerAdapter - Downloading http://nexus.tip/repository/fabrica/org/springframework/security/spring-security-config/5.1.5.RELEASE/spring-security-config-5.1.5.RELEASE-sources.jar
2021-09-26 18:36:55,914 [Worker-1: Building] INFO  o.e.m.c.i.embedder.EclipseLogger - Using 'UTF-8' encoding to copy filtered resources.
2021-09-26 18:36:55,914 [Worker-1: Building] INFO  o.e.m.c.i.embedder.EclipseLogger - Copying 1 resource
2021-09-26 18:36:55,915 [Worker-1: Building] INFO  o.e.m.c.i.embedder.EclipseLogger - Copying 1 resource
2021-09-26 18:36:55,917 [Worker-1: Building] INFO  o.e.m.c.i.embedder.EclipseLogger - Using 'UTF-8' encoding to copy filtered resources.
2021-09-26 18:36:55,917 [Worker-1: Building] INFO  o.e.m.c.i.embedder.EclipseLogger - skip non existing resourceDirectory /home/max/Estudos/alura/Spring-Cloud-microservices/microservicos/loja/src/test/resources
2021-09-26 18:36:56,120 [Worker-1: Building] INFO  o.e.m.c.i.l.LifecycleMappingFactory - Using org.eclipse.m2e.jdt.JarLifecycleMapping lifecycle mapping for MavenProject: br.com.alura.microservice.transportador:transportador:0.0.1-SNAPSHOT @ /home/max/Estudos/alura/Spring-Cloud-microservices/microservicos/transportador/pom.xml.
2021-09-26 18:36:56,438 [Worker-1: Building] INFO  o.e.m.c.i.embedder.EclipseLogger - Using 'UTF-8' encoding to copy filtered resources.
2021-09-26 18:36:56,438 [Worker-1: Building] INFO  o.e.m.c.i.embedder.EclipseLogger - Copying 1 resource
2021-09-26 18:36:56,439 [Worker-1: Building] INFO  o.e.m.c.i.embedder.EclipseLogger - Copying 1 resource
2021-09-26 18:36:56,441 [Worker-1: Building] INFO  o.e.m.c.i.embedder.EclipseLogger - Using 'UTF-8' encoding to copy filtered resources.
2021-09-26 18:36:56,442 [Worker-1: Building] INFO  o.e.m.c.i.embedder.EclipseLogger - skip non existing resourceDirectory /home/max/Estudos/alura/Spring-Cloud-microservices/microservicos/transportador/src/test/resources
2021-09-26 18:36:56,514 [Worker-2: Download sources and javadoc] INFO  o.e.m.c.i.e.AbstractTransferListenerAdapter - Downloaded http://nexus.tip/repository/fabrica/org/springframework/security/spring-security-config/5.1.5.RELEASE/spring-security-config-5.1.5.RELEASE-sources.jar
2021-09-26 18:36:56,556 [Worker-2: Download sources and javadoc] INFO  o.e.m.j.internal.DownloadSourcesJob - Downloaded sources for org.springframework.security:spring-security-config:5.1.5.RELEASE
2021-09-26 18:36:56,754 [Worker-1: Building] INFO  o.e.m.c.i.l.LifecycleMappingFactory - Using org.eclipse.m2e.jdt.JarLifecycleMapping lifecycle mapping for MavenProject: br.com.alura.microservice.zuul:zuul:0.0.1-SNAPSHOT @ /home/max/Estudos/alura/Spring-Cloud-microservices/microservicos/zuul/pom.xml.
2021-09-26 18:36:56,874 [Worker-2: Download sources and javadoc] INFO  o.e.m.c.i.e.AbstractTransferListenerAdapter - Downloading http://nexus.tip/repository/fabrica/org/springframework/security/spring-security-web/5.1.5.RELEASE/spring-security-web-5.1.5.RELEASE-sources.jar
2021-09-26 18:36:57,234 [Worker-1: Building] INFO  o.e.m.c.i.e.AbstractTransferListenerAdapter - Downloading http://nexus.tip/repository/fabrica/org/springframework/cloud/spring-cloud-starter-netflix-zuul/2.1.1.RELEASE/spring-cloud-starter-netflix-zuul-2.1.1.RELEASE.pom
2021-09-26 18:36:57,338 [Worker-1: Building] INFO  o.e.m.c.i.e.AbstractTransferListenerAdapter - Downloaded http://nexus.tip/repository/fabrica/org/springframework/cloud/spring-cloud-starter-netflix-zuul/2.1.1.RELEASE/spring-cloud-starter-netflix-zuul-2.1.1.RELEASE.pom
2021-09-26 18:36:57,454 [Worker-1: Building] INFO  o.e.m.c.i.e.AbstractTransferListenerAdapter - Downloading http://nexus.tip/repository/fabrica/org/springframework/cloud/spring-cloud-netflix-zuul/2.1.1.RELEASE/spring-cloud-netflix-zuul-2.1.1.RELEASE.pom
2021-09-26 18:36:57,548 [Worker-1: Building] INFO  o.e.m.c.i.e.AbstractTransferListenerAdapter - Downloaded http://nexus.tip/repository/fabrica/org/springframework/cloud/spring-cloud-netflix-zuul/2.1.1.RELEASE/spring-cloud-netflix-zuul-2.1.1.RELEASE.pom
2021-09-26 18:36:57,590 [Worker-2: Download sources and javadoc] INFO  o.e.m.c.i.e.AbstractTransferListenerAdapter - Downloaded http://nexus.tip/repository/fabrica/org/springframework/security/spring-security-web/5.1.5.RELEASE/spring-security-web-5.1.5.RELEASE-sources.jar
2021-09-26 18:36:57,604 [Worker-2: Download sources and javadoc] INFO  o.e.m.j.internal.DownloadSourcesJob - Downloaded sources for org.springframework.security:spring-security-web:5.1.5.RELEASE
2021-09-26 18:36:57,688 [Worker-1: Building] INFO  o.e.m.c.i.e.AbstractTransferListenerAdapter - Downloading http://nexus.tip/repository/fabrica/com/netflix/zuul/zuul-core/1.3.1/zuul-core-1.3.1.pom
2021-09-26 18:36:57,798 [Worker-1: Building] INFO  o.e.m.c.i.e.AbstractTransferListenerAdapter - Downloaded http://nexus.tip/repository/fabrica/com/netflix/zuul/zuul-core/1.3.1/zuul-core-1.3.1.pom
2021-09-26 18:36:58,002 [AetherRepositoryConnector-nexus.tip-1-1] INFO  o.e.m.c.i.e.AbstractTransferListenerAdapter - Downloading http://nexus.tip/repository/fabrica/org/springframework/cloud/spring-cloud-netflix-zuul/2.1.1.RELEASE/spring-cloud-netflix-zuul-2.1.1.RELEASE.jar
2021-09-26 18:36:58,003 [Worker-2: Download sources and javadoc] INFO  o.e.m.c.i.e.AbstractTransferListenerAdapter - Downloading http://nexus.tip/repository/fabrica/org/springframework/cloud/spring-cloud-starter-oauth2/2.1.2.RELEASE/spring-cloud-starter-oauth2-2.1.2.RELEASE-sources.jar
2021-09-26 18:36:58,075 [AetherRepositoryConnector-nexus.tip-1-0] INFO  o.e.m.c.i.e.AbstractTransferListenerAdapter - Downloading http://nexus.tip/repository/fabrica/org/springframework/cloud/spring-cloud-starter-netflix-zuul/2.1.1.RELEASE/spring-cloud-starter-netflix-zuul-2.1.1.RELEASE.jar
2021-09-26 18:36:58,098 [AetherRepositoryConnector-nexus.tip-1-2] INFO  o.e.m.c.i.e.AbstractTransferListenerAdapter - Downloading http://nexus.tip/repository/fabrica/com/netflix/zuul/zuul-core/1.3.1/zuul-core-1.3.1.jar
2021-09-26 18:36:58,222 [AetherRepositoryConnector-nexus.tip-1-0] INFO  o.e.m.c.i.e.AbstractTransferListenerAdapter - Downloaded http://nexus.tip/repository/fabrica/org/springframework/cloud/spring-cloud-starter-netflix-zuul/2.1.1.RELEASE/spring-cloud-starter-netflix-zuul-2.1.1.RELEASE.jar
2021-09-26 18:36:58,245 [Worker-2: Download sources and javadoc] INFO  o.e.m.c.i.e.AbstractTransferListenerAdapter - Downloaded http://nexus.tip/repository/fabrica/org/springframework/cloud/spring-cloud-starter-oauth2/2.1.2.RELEASE/spring-cloud-starter-oauth2-2.1.2.RELEASE-sources.jar
2021-09-26 18:36:58,259 [Worker-2: Download sources and javadoc] INFO  o.e.m.j.internal.DownloadSourcesJob - Downloaded sources for org.springframework.cloud:spring-cloud-starter-oauth2:2.1.2.RELEASE
2021-09-26 18:36:58,398 [AetherRepositoryConnector-nexus.tip-1-1] INFO  o.e.m.c.i.e.AbstractTransferListenerAdapter - Downloaded http://nexus.tip/repository/fabrica/org/springframework/cloud/spring-cloud-netflix-zuul/2.1.1.RELEASE/spring-cloud-netflix-zuul-2.1.1.RELEASE.jar
2021-09-26 18:36:58,446 [AetherRepositoryConnector-nexus.tip-1-2] INFO  o.e.m.c.i.e.AbstractTransferListenerAdapter - Downloaded http://nexus.tip/repository/fabrica/com/netflix/zuul/zuul-core/1.3.1/zuul-core-1.3.1.jar
2021-09-26 18:36:58,580 [Worker-1: Building] INFO  o.e.m.c.i.embedder.EclipseLogger - Using 'UTF-8' encoding to copy filtered resources.
2021-09-26 18:36:58,581 [Worker-1: Building] INFO  o.e.m.c.i.embedder.EclipseLogger - Copying 1 resource
2021-09-26 18:36:58,581 [Worker-1: Building] INFO  o.e.m.c.i.embedder.EclipseLogger - Copying 0 resource
2021-09-26 18:36:58,583 [Worker-1: Building] INFO  o.e.m.c.i.embedder.EclipseLogger - Using 'UTF-8' encoding to copy filtered resources.
2021-09-26 18:36:58,583 [Worker-1: Building] INFO  o.e.m.c.i.embedder.EclipseLogger - skip non existing resourceDirectory /home/max/Estudos/alura/Spring-Cloud-microservices/microservicos/zuul/src/test/resources
2021-09-26 18:36:58,764 [Worker-2: Download sources and javadoc] INFO  o.e.m.c.i.e.AbstractTransferListenerAdapter - Downloading http://nexus.tip/repository/fabrica/org/springframework/cloud/spring-cloud-starter-security/2.1.2.RELEASE/spring-cloud-starter-security-2.1.2.RELEASE-sources.jar
2021-09-26 18:36:59,128 [Worker-2: Download sources and javadoc] INFO  o.e.m.c.i.e.AbstractTransferListenerAdapter - Downloaded http://nexus.tip/repository/fabrica/org/springframework/cloud/spring-cloud-starter-security/2.1.2.RELEASE/spring-cloud-starter-security-2.1.2.RELEASE-sources.jar
2021-09-26 18:36:59,145 [Worker-2: Download sources and javadoc] INFO  o.e.m.j.internal.DownloadSourcesJob - Downloaded sources for org.springframework.cloud:spring-cloud-starter-security:2.1.2.RELEASE
2021-09-26 18:36:59,318 [Worker-0: Updating Maven Dependencies] INFO  o.e.m.c.i.l.LifecycleMappingFactory - Using org.eclipse.m2e.jdt.JarLifecycleMapping lifecycle mapping for MavenProject: br.com.alura.microservice.transportador:transportador:0.0.1-SNAPSHOT @ /home/max/Estudos/alura/Spring-Cloud-microservices/microservicos/transportador/pom.xml.
2021-09-26 18:36:59,671 [Worker-0: Updating Maven Dependencies] INFO  o.e.m.c.i.l.LifecycleMappingFactory - Using org.eclipse.m2e.jdt.JarLifecycleMapping lifecycle mapping for MavenProject: br.com.alura.microservice.config:config-server:0.0.1-SNAPSHOT @ /home/max/Estudos/alura/Spring-Cloud-microservices/microservicos/config-server/pom.xml.
2021-09-26 18:36:59,785 [Worker-0: Updating Maven Dependencies] INFO  o.e.m.c.i.l.LifecycleMappingFactory - Using org.eclipse.m2e.jdt.JarLifecycleMapping lifecycle mapping for MavenProject: br.com.alura.microservice.fornecedor:fornecedor:0.0.1-SNAPSHOT @ /home/max/Estudos/alura/Spring-Cloud-microservices/microservicos/fornecedor/pom.xml.
2021-09-26 18:36:59,822 [Worker-2: Download sources and javadoc] INFO  o.e.m.c.i.e.AbstractTransferListenerAdapter - Downloading http://nexus.tip/repository/fabrica/org/springframework/cloud/spring-cloud-security/2.1.2.RELEASE/spring-cloud-security-2.1.2.RELEASE-sources.jar
2021-09-26 18:36:59,955 [Worker-0: Updating Maven Dependencies] INFO  o.e.m.c.i.l.LifecycleMappingFactory - Using org.eclipse.m2e.jdt.JarLifecycleMapping lifecycle mapping for MavenProject: br.com.alura.microservice.zuul:zuul:0.0.1-SNAPSHOT @ /home/max/Estudos/alura/Spring-Cloud-microservices/microservicos/zuul/pom.xml.
2021-09-26 18:36:59,958 [Worker-8: Building] INFO  o.e.m.c.i.embedder.EclipseLogger - Using 'UTF-8' encoding to copy filtered resources.
2021-09-26 18:36:59,961 [Worker-8: Building] INFO  o.e.m.c.i.embedder.EclipseLogger - Copying 1 resource
2021-09-26 18:36:59,967 [Worker-8: Building] INFO  o.e.m.c.i.embedder.EclipseLogger - Copying 0 resource
2021-09-26 18:36:59,970 [Worker-8: Building] INFO  o.e.m.c.i.embedder.EclipseLogger - Using 'UTF-8' encoding to copy filtered resources.
2021-09-26 18:36:59,971 [Worker-8: Building] INFO  o.e.m.c.i.embedder.EclipseLogger - skip non existing resourceDirectory /home/max/Estudos/alura/Spring-Cloud-microservices/microservicos/auth/src/test/resources
2021-09-26 18:37:00,155 [Worker-2: Download sources and javadoc] INFO  o.e.m.c.i.e.AbstractTransferListenerAdapter - Downloaded http://nexus.tip/repository/fabrica/org/springframework/cloud/spring-cloud-security/2.1.2.RELEASE/spring-cloud-security-2.1.2.RELEASE-sources.jar
2021-09-26 18:37:00,179 [Worker-2: Download sources and javadoc] INFO  o.e.m.j.internal.DownloadSourcesJob - Downloaded sources for org.springframework.cloud:spring-cloud-security:2.1.2.RELEASE
2021-09-26 18:37:00,197 [Worker-0: Updating Maven Dependencies] INFO  o.e.m.c.i.l.LifecycleMappingFactory - Using org.eclipse.m2e.jdt.JarLifecycleMapping lifecycle mapping for MavenProject: br.com.alura.microservice.loja:loja:0.0.1-SNAPSHOT @ /home/max/Estudos/alura/Spring-Cloud-microservices/microservicos/loja/pom.xml.
2021-09-26 18:37:00,355 [Worker-0: Updating Maven Dependencies] INFO  o.e.m.c.i.l.LifecycleMappingFactory - Using org.eclipse.m2e.jdt.JarLifecycleMapping lifecycle mapping for MavenProject: br.com.alura.microservice.eureka:eureka-server:0.0.1-SNAPSHOT @ /home/max/Estudos/alura/Spring-Cloud-microservices/microservicos/eureka-server/pom.xml.
2021-09-26 18:37:00,467 [Worker-2: Download sources and javadoc] INFO  o.e.m.c.i.e.AbstractTransferListenerAdapter - Downloading http://nexus.tip/repository/fabrica/org/springframework/security/oauth/boot/spring-security-oauth2-autoconfigure/2.1.2.RELEASE/spring-security-oauth2-autoconfigure-2.1.2.RELEASE-sources.jar
2021-09-26 18:37:00,472 [Worker-0: Updating Maven Dependencies] INFO  o.e.m.c.i.l.LifecycleMappingFactory - Using org.eclipse.m2e.jdt.JarLifecycleMapping lifecycle mapping for MavenProject: br.com.alura.microservice.auth:auth:0.0.1-SNAPSHOT @ /home/max/Estudos/alura/Spring-Cloud-microservices/microservicos/auth/pom.xml.
2021-09-26 18:37:00,586 [Worker-8: Building] INFO  o.e.m.c.i.embedder.EclipseLogger - Using 'UTF-8' encoding to copy filtered resources.
2021-09-26 18:37:00,586 [Worker-8: Building] INFO  o.e.m.c.i.embedder.EclipseLogger - Copying 1 resource
2021-09-26 18:37:00,586 [Worker-8: Building] INFO  o.e.m.c.i.embedder.EclipseLogger - Copying 0 resource
2021-09-26 18:37:00,588 [Worker-8: Building] INFO  o.e.m.c.i.embedder.EclipseLogger - Using 'UTF-8' encoding to copy filtered resources.
2021-09-26 18:37:00,588 [Worker-8: Building] INFO  o.e.m.c.i.embedder.EclipseLogger - skip non existing resourceDirectory /home/max/Estudos/alura/Spring-Cloud-microservices/microservicos/config-server/src/test/resources
2021-09-26 18:37:00,734 [Worker-2: Download sources and javadoc] INFO  o.e.m.c.i.e.AbstractTransferListenerAdapter - Downloaded http://nexus.tip/repository/fabrica/org/springframework/security/oauth/boot/spring-security-oauth2-autoconfigure/2.1.2.RELEASE/spring-security-oauth2-autoconfigure-2.1.2.RELEASE-sources.jar
2021-09-26 18:37:00,782 [Worker-2: Download sources and javadoc] INFO  o.e.m.j.internal.DownloadSourcesJob - Downloaded sources for org.springframework.security.oauth.boot:spring-security-oauth2-autoconfigure:2.1.2.RELEASE
2021-09-26 18:37:01,367 [Worker-2: Download sources and javadoc] INFO  o.e.m.c.i.e.AbstractTransferListenerAdapter - Downloading http://nexus.tip/repository/fabrica/com/sun/xml/bind/jaxb-core/2.3.0.1/jaxb-core-2.3.0.1-sources.jar
2021-09-26 18:37:01,538 [Worker-8: Building] INFO  o.e.m.c.i.embedder.EclipseLogger - Using 'UTF-8' encoding to copy filtered resources.
2021-09-26 18:37:01,538 [Worker-8: Building] INFO  o.e.m.c.i.embedder.EclipseLogger - Copying 1 resource
2021-09-26 18:37:01,539 [Worker-8: Building] INFO  o.e.m.c.i.embedder.EclipseLogger - Copying 0 resource
2021-09-26 18:37:01,541 [Worker-8: Building] INFO  o.e.m.c.i.embedder.EclipseLogger - Using 'UTF-8' encoding to copy filtered resources.
2021-09-26 18:37:01,541 [Worker-8: Building] INFO  o.e.m.c.i.embedder.EclipseLogger - skip non existing resourceDirectory /home/max/Estudos/alura/Spring-Cloud-microservices/microservicos/auth/src/test/resources
2021-09-26 18:37:01,840 [Worker-8: Building] INFO  o.e.m.c.i.embedder.EclipseLogger - Using 'UTF-8' encoding to copy filtered resources.
2021-09-26 18:37:01,840 [Worker-8: Building] INFO  o.e.m.c.i.embedder.EclipseLogger - Copying 1 resource
2021-09-26 18:37:01,841 [Worker-8: Building] INFO  o.e.m.c.i.embedder.EclipseLogger - Copying 0 resource
2021-09-26 18:37:01,843 [Worker-8: Building] INFO  o.e.m.c.i.embedder.EclipseLogger - Using 'UTF-8' encoding to copy filtered resources.
2021-09-26 18:37:01,843 [Worker-8: Building] INFO  o.e.m.c.i.embedder.EclipseLogger - skip non existing resourceDirectory /home/max/Estudos/alura/Spring-Cloud-microservices/microservicos/config-server/src/test/resources
2021-09-26 18:37:02,041 [Worker-2: Download sources and javadoc] INFO  o.e.m.c.i.e.AbstractTransferListenerAdapter - Downloaded http://nexus.tip/repository/fabrica/com/sun/xml/bind/jaxb-core/2.3.0.1/jaxb-core-2.3.0.1-sources.jar
2021-09-26 18:37:02,056 [Worker-2: Download sources and javadoc] INFO  o.e.m.j.internal.DownloadSourcesJob - Downloaded sources for com.sun.xml.bind:jaxb-core:2.3.0.1
2021-09-26 18:37:02,161 [Worker-8: Building] INFO  o.e.m.c.i.embedder.EclipseLogger - Using 'UTF-8' encoding to copy filtered resources.
2021-09-26 18:37:02,161 [Worker-8: Building] INFO  o.e.m.c.i.embedder.EclipseLogger - Copying 1 resource
2021-09-26 18:37:02,161 [Worker-8: Building] INFO  o.e.m.c.i.embedder.EclipseLogger - Copying 0 resource
2021-09-26 18:37:02,162 [Worker-8: Building] INFO  o.e.m.c.i.embedder.EclipseLogger - Using 'UTF-8' encoding to copy filtered resources.
2021-09-26 18:37:02,163 [Worker-8: Building] INFO  o.e.m.c.i.embedder.EclipseLogger - skip non existing resourceDirectory /home/max/Estudos/alura/Spring-Cloud-microservices/microservicos/eureka-server/src/test/resources
2021-09-26 18:37:02,368 [Worker-2: Download sources and javadoc] INFO  o.e.m.c.i.e.AbstractTransferListenerAdapter - Downloading http://nexus.tip/repository/fabrica/com/sun/xml/bind/jaxb-impl/2.3.0.1/jaxb-impl-2.3.0.1-sources.jar
2021-09-26 18:37:02,703 [Worker-8: Building] INFO  o.e.m.c.i.embedder.EclipseLogger - Using 'UTF-8' encoding to copy filtered resources.
2021-09-26 18:37:02,704 [Worker-8: Building] INFO  o.e.m.c.i.embedder.EclipseLogger - Copying 1 resource
2021-09-26 18:37:02,704 [Worker-8: Building] INFO  o.e.m.c.i.embedder.EclipseLogger - Copying 1 resource
2021-09-26 18:37:02,708 [Worker-8: Building] INFO  o.e.m.c.i.embedder.EclipseLogger - Using 'UTF-8' encoding to copy filtered resources.
2021-09-26 18:37:02,708 [Worker-8: Building] INFO  o.e.m.c.i.embedder.EclipseLogger - skip non existing resourceDirectory /home/max/Estudos/alura/Spring-Cloud-microservices/microservicos/fornecedor/src/test/resources
2021-09-26 18:37:03,042 [Worker-2: Download sources and javadoc] INFO  o.e.m.c.i.e.AbstractTransferListenerAdapter - Downloaded http://nexus.tip/repository/fabrica/com/sun/xml/bind/jaxb-impl/2.3.0.1/jaxb-impl-2.3.0.1-sources.jar
2021-09-26 18:37:03,065 [Worker-2: Download sources and javadoc] INFO  o.e.m.j.internal.DownloadSourcesJob - Downloaded sources for com.sun.xml.bind:jaxb-impl:2.3.0.1
2021-09-26 18:37:03,330 [Worker-8: Building] INFO  o.e.m.c.i.embedder.EclipseLogger - Using 'UTF-8' encoding to copy filtered resources.
2021-09-26 18:37:03,330 [Worker-8: Building] INFO  o.e.m.c.i.embedder.EclipseLogger - Copying 1 resource
2021-09-26 18:37:03,331 [Worker-8: Building] INFO  o.e.m.c.i.embedder.EclipseLogger - Copying 1 resource
2021-09-26 18:37:03,333 [Worker-8: Building] INFO  o.e.m.c.i.embedder.EclipseLogger - Using 'UTF-8' encoding to copy filtered resources.
2021-09-26 18:37:03,333 [Worker-8: Building] INFO  o.e.m.c.i.embedder.EclipseLogger - skip non existing resourceDirectory /home/max/Estudos/alura/Spring-Cloud-microservices/microservicos/loja/src/test/resources
2021-09-26 18:37:03,348 [Worker-2: Download sources and javadoc] INFO  o.e.m.c.i.e.AbstractTransferListenerAdapter - Downloading http://nexus.tip/repository/fabrica/org/springframework/security/oauth/spring-security-oauth2/2.3.4.RELEASE/spring-security-oauth2-2.3.4.RELEASE-sources.jar
2021-09-26 18:37:03,724 [Worker-8: Building] INFO  o.e.m.c.i.embedder.EclipseLogger - Using 'UTF-8' encoding to copy filtered resources.
2021-09-26 18:37:03,724 [Worker-8: Building] INFO  o.e.m.c.i.embedder.EclipseLogger - Copying 1 resource
2021-09-26 18:37:03,725 [Worker-8: Building] INFO  o.e.m.c.i.embedder.EclipseLogger - Copying 1 resource
2021-09-26 18:37:03,728 [Worker-8: Building] INFO  o.e.m.c.i.embedder.EclipseLogger - Using 'UTF-8' encoding to copy filtered resources.
2021-09-26 18:37:03,728 [Worker-8: Building] INFO  o.e.m.c.i.embedder.EclipseLogger - skip non existing resourceDirectory /home/max/Estudos/alura/Spring-Cloud-microservices/microservicos/transportador/src/test/resources
2021-09-26 18:37:03,869 [Worker-2: Download sources and javadoc] INFO  o.e.m.c.i.e.AbstractTransferListenerAdapter - Downloaded http://nexus.tip/repository/fabrica/org/springframework/security/oauth/spring-security-oauth2/2.3.4.RELEASE/spring-security-oauth2-2.3.4.RELEASE-sources.jar
2021-09-26 18:37:03,893 [Worker-2: Download sources and javadoc] INFO  o.e.m.j.internal.DownloadSourcesJob - Downloaded sources for org.springframework.security.oauth:spring-security-oauth2:2.3.4.RELEASE
2021-09-26 18:37:04,158 [Worker-2: Download sources and javadoc] INFO  o.e.m.c.i.e.AbstractTransferListenerAdapter - Downloading http://nexus.tip/repository/fabrica/org/springframework/security/spring-security-jwt/1.0.9.RELEASE/spring-security-jwt-1.0.9.RELEASE-sources.jar
2021-09-26 18:37:04,298 [Worker-8: Building] INFO  o.e.m.c.i.embedder.EclipseLogger - Using 'UTF-8' encoding to copy filtered resources.
2021-09-26 18:37:04,299 [Worker-8: Building] INFO  o.e.m.c.i.embedder.EclipseLogger - Copying 1 resource
2021-09-26 18:37:04,299 [Worker-8: Building] INFO  o.e.m.c.i.embedder.EclipseLogger - Copying 0 resource
2021-09-26 18:37:04,301 [Worker-8: Building] INFO  o.e.m.c.i.embedder.EclipseLogger - Using 'UTF-8' encoding to copy filtered resources.
2021-09-26 18:37:04,302 [Worker-8: Building] INFO  o.e.m.c.i.embedder.EclipseLogger - skip non existing resourceDirectory /home/max/Estudos/alura/Spring-Cloud-microservices/microservicos/zuul/src/test/resources
2021-09-26 18:37:04,376 [Worker-2: Download sources and javadoc] INFO  o.e.m.c.i.e.AbstractTransferListenerAdapter - Downloaded http://nexus.tip/repository/fabrica/org/springframework/security/spring-security-jwt/1.0.9.RELEASE/spring-security-jwt-1.0.9.RELEASE-sources.jar
2021-09-26 18:37:04,392 [Worker-2: Download sources and javadoc] INFO  o.e.m.j.internal.DownloadSourcesJob - Downloaded sources for org.springframework.security:spring-security-jwt:1.0.9.RELEASE
2021-09-26 18:37:04,849 [Worker-2: Download sources and javadoc] INFO  o.e.m.c.i.e.AbstractTransferListenerAdapter - Downloading http://nexus.tip/repository/fabrica/org/springframework/security/spring-security-test/5.1.5.RELEASE/spring-security-test-5.1.5.RELEASE-sources.jar
2021-09-26 18:37:05,333 [Worker-2: Download sources and javadoc] INFO  o.e.m.c.i.e.AbstractTransferListenerAdapter - Downloaded http://nexus.tip/repository/fabrica/org/springframework/security/spring-security-test/5.1.5.RELEASE/spring-security-test-5.1.5.RELEASE-sources.jar
2021-09-26 18:37:05,346 [Worker-2: Download sources and javadoc] INFO  o.e.m.j.internal.DownloadSourcesJob - Downloaded sources for org.springframework.security:spring-security-test:5.1.5.RELEASE
2021-09-26 18:37:05,706 [Worker-2: Download sources and javadoc] INFO  o.e.m.c.i.e.AbstractTransferListenerAdapter - Downloading http://nexus.tip/repository/fabrica/org/springframework/security/spring-security-core/5.1.5.RELEASE/spring-security-core-5.1.5.RELEASE-sources.jar
2021-09-26 18:37:06,509 [Worker-2: Download sources and javadoc] INFO  o.e.m.c.i.e.AbstractTransferListenerAdapter - Downloaded http://nexus.tip/repository/fabrica/org/springframework/security/spring-security-core/5.1.5.RELEASE/spring-security-core-5.1.5.RELEASE-sources.jar
2021-09-26 18:37:06,528 [Worker-2: Download sources and javadoc] INFO  o.e.m.j.internal.DownloadSourcesJob - Downloaded sources for org.springframework.security:spring-security-core:5.1.5.RELEASE
2021-09-26 18:37:07,115 [Worker-2: Download sources and javadoc] INFO  o.e.m.c.i.e.AbstractTransferListenerAdapter - Downloaded http://nexus.tip/repository/fabrica/org/springframework/boot/spring-boot-starter-security/2.1.5.RELEASE/spring-boot-starter-security-2.1.5.RELEASE-javadoc.jar
2021-09-26 18:37:07,115 [Worker-2: Download sources and javadoc] ERROR o.e.m.j.internal.DownloadSourcesJob - Could not download javadoc for org.springframework.boot:spring-boot-starter-security:2.1.5.RELEASE
org.eclipse.core.runtime.CoreException: Could not resolve artifact org.springframework.boot:spring-boot-starter-security:jar:javadoc:2.1.5.RELEASE
	at org.eclipse.m2e.core.internal.embedder.MavenImpl.lambda$4(MavenImpl.java:804)
	at org.eclipse.m2e.core.internal.embedder.MavenExecutionContext.executeBare(MavenExecutionContext.java:179)
	at org.eclipse.m2e.core.internal.embedder.MavenExecutionContext.execute(MavenExecutionContext.java:114)
	at org.eclipse.m2e.core.internal.embedder.MavenExecutionContext.execute(MavenExecutionContext.java:101)
	at org.eclipse.m2e.core.internal.embedder.MavenImpl.resolve(MavenImpl.java:772)
	at org.eclipse.m2e.core.internal.embedder.MavenImpl.resolve(MavenImpl.java:749)
	at org.eclipse.m2e.jdt.internal.DownloadSourcesJob.download(DownloadSourcesJob.java:330)
	at org.eclipse.m2e.jdt.internal.DownloadSourcesJob.downloadAttachments(DownloadSourcesJob.java:316)
	at org.eclipse.m2e.jdt.internal.DownloadSourcesJob.downloadMaven(DownloadSourcesJob.java:269)
	at org.eclipse.m2e.jdt.internal.DownloadSourcesJob.downloadFilesAndPopulateToUpdate(DownloadSourcesJob.java:233)
	at org.eclipse.m2e.jdt.internal.DownloadSourcesJob.lambda$0(DownloadSourcesJob.java:161)
	at org.eclipse.m2e.core.internal.embedder.MavenExecutionContext.executeBare(MavenExecutionContext.java:179)
	at org.eclipse.m2e.core.internal.embedder.MavenExecutionContext.execute(MavenExecutionContext.java:153)
	at org.eclipse.m2e.core.internal.embedder.MavenExecutionContext.execute(MavenExecutionContext.java:101)
	at org.eclipse.m2e.core.internal.embedder.MavenImpl.execute(MavenImpl.java:1374)
	at org.eclipse.m2e.jdt.internal.DownloadSourcesJob.run(DownloadSourcesJob.java:161)
	at org.eclipse.core.internal.jobs.Worker.run(Worker.java:63)
2021-09-26 18:37:07,117 [Worker-2: Download sources and javadoc] INFO  o.e.m.j.internal.DownloadSourcesJob - Downloaded sources for org.springframework.security:spring-security-config:5.1.5.RELEASE
2021-09-26 18:37:07,118 [Worker-2: Download sources and javadoc] INFO  o.e.m.j.internal.DownloadSourcesJob - Downloaded sources for org.springframework.security:spring-security-web:5.1.5.RELEASE
2021-09-26 18:37:07,120 [Worker-2: Download sources and javadoc] INFO  o.e.m.j.internal.DownloadSourcesJob - Downloaded sources for org.springframework.cloud:spring-cloud-starter-oauth2:2.1.2.RELEASE
2021-09-26 18:37:07,121 [Worker-2: Download sources and javadoc] INFO  o.e.m.j.internal.DownloadSourcesJob - Downloaded sources for org.springframework.cloud:spring-cloud-starter-security:2.1.2.RELEASE
2021-09-26 18:37:07,122 [Worker-2: Download sources and javadoc] INFO  o.e.m.j.internal.DownloadSourcesJob - Downloaded sources for org.springframework.cloud:spring-cloud-security:2.1.2.RELEASE
2021-09-26 18:37:07,124 [Worker-2: Download sources and javadoc] INFO  o.e.m.j.internal.DownloadSourcesJob - Downloaded sources for org.springframework.security.oauth.boot:spring-security-oauth2-autoconfigure:2.1.2.RELEASE
2021-09-26 18:37:07,126 [Worker-2: Download sources and javadoc] INFO  o.e.m.j.internal.DownloadSourcesJob - Downloaded sources for com.sun.xml.bind:jaxb-core:2.3.0.1
2021-09-26 18:37:07,129 [Worker-2: Download sources and javadoc] INFO  o.e.m.j.internal.DownloadSourcesJob - Downloaded sources for com.sun.xml.bind:jaxb-impl:2.3.0.1
2021-09-26 18:37:07,132 [Worker-2: Download sources and javadoc] INFO  o.e.m.j.internal.DownloadSourcesJob - Downloaded sources for org.springframework.security.oauth:spring-security-oauth2:2.3.4.RELEASE
2021-09-26 18:37:07,134 [Worker-2: Download sources and javadoc] INFO  o.e.m.j.internal.DownloadSourcesJob - Downloaded sources for org.springframework.security:spring-security-jwt:1.0.9.RELEASE
2021-09-26 18:37:07,136 [Worker-2: Download sources and javadoc] INFO  o.e.m.j.internal.DownloadSourcesJob - Downloaded sources for org.springframework.security:spring-security-test:5.1.5.RELEASE
2021-09-26 18:37:07,139 [Worker-2: Download sources and javadoc] INFO  o.e.m.j.internal.DownloadSourcesJob - Downloaded sources for org.springframework.security:spring-security-core:5.1.5.RELEASE
2021-09-26 18:37:07,143 [Worker-2: Download sources and javadoc] INFO  o.e.m.j.internal.DownloadSourcesJob - Downloaded sources for org.springframework.security:spring-security-config:5.1.5.RELEASE
2021-09-26 18:37:07,145 [Worker-2: Download sources and javadoc] INFO  o.e.m.j.internal.DownloadSourcesJob - Downloaded sources for org.springframework.security:spring-security-web:5.1.5.RELEASE
2021-09-26 18:37:07,148 [Worker-2: Download sources and javadoc] INFO  o.e.m.j.internal.DownloadSourcesJob - Downloaded sources for org.springframework.cloud:spring-cloud-starter-oauth2:2.1.2.RELEASE
2021-09-26 18:37:07,150 [Worker-2: Download sources and javadoc] INFO  o.e.m.j.internal.DownloadSourcesJob - Downloaded sources for org.springframework.cloud:spring-cloud-starter-security:2.1.2.RELEASE
2021-09-26 18:37:07,153 [Worker-2: Download sources and javadoc] INFO  o.e.m.j.internal.DownloadSourcesJob - Downloaded sources for org.springframework.cloud:spring-cloud-security:2.1.2.RELEASE
2021-09-26 18:37:07,155 [Worker-2: Download sources and javadoc] INFO  o.e.m.j.internal.DownloadSourcesJob - Downloaded sources for org.springframework.security.oauth.boot:spring-security-oauth2-autoconfigure:2.1.2.RELEASE
2021-09-26 18:37:07,160 [Worker-2: Download sources and javadoc] INFO  o.e.m.j.internal.DownloadSourcesJob - Downloaded sources for com.sun.xml.bind:jaxb-core:2.3.0.1
2021-09-26 18:37:07,163 [Worker-2: Download sources and javadoc] INFO  o.e.m.j.internal.DownloadSourcesJob - Downloaded sources for com.sun.xml.bind:jaxb-impl:2.3.0.1
2021-09-26 18:37:07,165 [Worker-2: Download sources and javadoc] INFO  o.e.m.j.internal.DownloadSourcesJob - Downloaded sources for org.springframework.security.oauth:spring-security-oauth2:2.3.4.RELEASE
2021-09-26 18:37:07,167 [Worker-2: Download sources and javadoc] INFO  o.e.m.j.internal.DownloadSourcesJob - Downloaded sources for org.springframework.security:spring-security-jwt:1.0.9.RELEASE
2021-09-26 18:37:07,170 [Worker-2: Download sources and javadoc] INFO  o.e.m.j.internal.DownloadSourcesJob - Downloaded sources for org.springframework.security:spring-security-test:5.1.5.RELEASE
2021-09-26 18:37:07,172 [Worker-2: Download sources and javadoc] INFO  o.e.m.j.internal.DownloadSourcesJob - Downloaded sources for org.springframework.security:spring-security-core:5.1.5.RELEASE
2021-09-26 18:37:07,452 [Worker-2: Download sources and javadoc] INFO  o.e.m.c.i.e.AbstractTransferListenerAdapter - Downloading http://nexus.tip/repository/fabrica/org/springframework/cloud/spring-cloud-starter-netflix-zuul/2.1.1.RELEASE/spring-cloud-starter-netflix-zuul-2.1.1.RELEASE-sources.jar
2021-09-26 18:37:07,548 [Worker-2: Download sources and javadoc] INFO  o.e.m.c.i.e.AbstractTransferListenerAdapter - Downloaded http://nexus.tip/repository/fabrica/org/springframework/cloud/spring-cloud-starter-netflix-zuul/2.1.1.RELEASE/spring-cloud-starter-netflix-zuul-2.1.1.RELEASE-sources.jar
2021-09-26 18:37:07,560 [Worker-2: Download sources and javadoc] INFO  o.e.m.j.internal.DownloadSourcesJob - Downloaded sources for org.springframework.cloud:spring-cloud-starter-netflix-zuul:2.1.1.RELEASE
2021-09-26 18:37:07,840 [Worker-2: Download sources and javadoc] INFO  o.e.m.c.i.e.AbstractTransferListenerAdapter - Downloading http://nexus.tip/repository/fabrica/org/springframework/cloud/spring-cloud-netflix-zuul/2.1.1.RELEASE/spring-cloud-netflix-zuul-2.1.1.RELEASE-sources.jar
2021-09-26 18:37:08,207 [Worker-2: Download sources and javadoc] INFO  o.e.m.c.i.e.AbstractTransferListenerAdapter - Downloaded http://nexus.tip/repository/fabrica/org/springframework/cloud/spring-cloud-netflix-zuul/2.1.1.RELEASE/spring-cloud-netflix-zuul-2.1.1.RELEASE-sources.jar
2021-09-26 18:37:08,230 [Worker-2: Download sources and javadoc] INFO  o.e.m.j.internal.DownloadSourcesJob - Downloaded sources for org.springframework.cloud:spring-cloud-netflix-zuul:2.1.1.RELEASE
2021-09-26 18:37:08,884 [Worker-2: Download sources and javadoc] INFO  o.e.m.c.i.e.AbstractTransferListenerAdapter - Downloading http://nexus.tip/repository/fabrica/com/netflix/zuul/zuul-core/1.3.1/zuul-core-1.3.1-sources.jar
2021-09-26 18:37:09,538 [Worker-2: Download sources and javadoc] INFO  o.e.m.c.i.e.AbstractTransferListenerAdapter - Downloaded http://nexus.tip/repository/fabrica/com/netflix/zuul/zuul-core/1.3.1/zuul-core-1.3.1-sources.jar
2021-09-26 18:37:09,577 [Worker-2: Download sources and javadoc] INFO  o.e.m.j.internal.DownloadSourcesJob - Downloaded sources for com.netflix.zuul:zuul-core:1.3.1
2021-09-26 18:37:09,958 [Worker-2: Download sources and javadoc] INFO  o.e.m.c.i.e.AbstractTransferListenerAdapter - Downloading http://nexus.tip/repository/fabrica/commons-io/commons-io/2.4/commons-io-2.4-sources.jar
2021-09-26 18:37:10,450 [Worker-2: Download sources and javadoc] INFO  o.e.m.c.i.e.AbstractTransferListenerAdapter - Downloaded http://nexus.tip/repository/fabrica/commons-io/commons-io/2.4/commons-io-2.4-sources.jar
2021-09-26 18:37:10,491 [Worker-2: Download sources and javadoc] INFO  o.e.m.j.internal.DownloadSourcesJob - Downloaded sources for commons-io:commons-io:2.4
2021-09-26 18:37:10,496 [Worker-2: Download sources and javadoc] INFO  o.e.m.j.internal.DownloadSourcesJob - Downloaded sources for com.sun.xml.bind:jaxb-core:2.3.0.1
2021-09-26 18:37:10,498 [Worker-2: Download sources and javadoc] INFO  o.e.m.j.internal.DownloadSourcesJob - Downloaded sources for com.sun.xml.bind:jaxb-impl:2.3.0.1
2021-09-26 18:37:10,499 [Worker-2: Download sources and javadoc] INFO  o.e.m.j.internal.DownloadSourcesJob - Downloaded sources for org.springframework.security.oauth:spring-security-oauth2:2.3.4.RELEASE
2021-09-26 18:37:10,501 [Worker-2: Download sources and javadoc] INFO  o.e.m.j.internal.DownloadSourcesJob - Downloaded sources for org.springframework.security:spring-security-jwt:1.0.9.RELEASE
2021-09-26 18:37:10,502 [Worker-2: Download sources and javadoc] INFO  o.e.m.j.internal.DownloadSourcesJob - Downloaded sources for org.springframework.security:spring-security-test:5.1.5.RELEASE
2021-09-26 18:37:10,504 [Worker-2: Download sources and javadoc] INFO  o.e.m.j.internal.DownloadSourcesJob - Downloaded sources for org.springframework.security:spring-security-core:5.1.5.RELEASE
2021-09-26 18:37:10,506 [Worker-2: Download sources and javadoc] INFO  o.e.m.j.internal.DownloadSourcesJob - Downloaded sources for org.springframework.cloud:spring-cloud-starter-netflix-zuul:2.1.1.RELEASE
2021-09-26 18:37:10,508 [Worker-2: Download sources and javadoc] INFO  o.e.m.j.internal.DownloadSourcesJob - Downloaded sources for org.springframework.cloud:spring-cloud-netflix-zuul:2.1.1.RELEASE
2021-09-26 18:37:10,511 [Worker-2: Download sources and javadoc] INFO  o.e.m.j.internal.DownloadSourcesJob - Downloaded sources for com.netflix.zuul:zuul-core:1.3.1
2021-09-26 18:37:10,513 [Worker-2: Download sources and javadoc] INFO  o.e.m.j.internal.DownloadSourcesJob - Downloaded sources for commons-io:commons-io:2.4
2021-09-26 18:37:10,516 [Worker-2: Download sources and javadoc] INFO  o.e.m.j.internal.DownloadSourcesJob - Downloaded sources for com.sun.xml.bind:jaxb-core:2.3.0.1
2021-09-26 18:37:10,518 [Worker-2: Download sources and javadoc] INFO  o.e.m.j.internal.DownloadSourcesJob - Downloaded sources for com.sun.xml.bind:jaxb-impl:2.3.0.1
2021-09-26 18:37:10,519 [Worker-2: Download sources and javadoc] INFO  o.e.m.j.internal.DownloadSourcesJob - Downloaded sources for org.springframework.security.oauth:spring-security-oauth2:2.3.4.RELEASE
2021-09-26 18:37:10,521 [Worker-2: Download sources and javadoc] INFO  o.e.m.j.internal.DownloadSourcesJob - Downloaded sources for org.springframework.security:spring-security-jwt:1.0.9.RELEASE
2021-09-26 18:37:10,523 [Worker-2: Download sources and javadoc] INFO  o.e.m.j.internal.DownloadSourcesJob - Downloaded sources for org.springframework.security:spring-security-test:5.1.5.RELEASE
2021-09-26 18:37:10,526 [Worker-2: Download sources and javadoc] INFO  o.e.m.j.internal.DownloadSourcesJob - Downloaded sources for org.springframework.security:spring-security-core:5.1.5.RELEASE
2021-09-26 18:37:10,529 [Worker-2: Download sources and javadoc] INFO  o.e.m.j.internal.DownloadSourcesJob - Downloaded sources for com.sun.xml.bind:jaxb-core:2.3.0.1
2021-09-26 18:37:10,530 [Worker-2: Download sources and javadoc] INFO  o.e.m.j.internal.DownloadSourcesJob - Downloaded sources for com.sun.xml.bind:jaxb-impl:2.3.0.1
2021-09-26 18:37:10,534 [Worker-2: Download sources and javadoc] INFO  o.e.m.j.internal.DownloadSourcesJob - Downloaded sources for org.springframework.security.oauth:spring-security-oauth2:2.3.4.RELEASE
2021-09-26 18:37:10,535 [Worker-2: Download sources and javadoc] INFO  o.e.m.j.internal.DownloadSourcesJob - Downloaded sources for org.springframework.security:spring-security-jwt:1.0.9.RELEASE
2021-09-26 18:37:10,537 [Worker-2: Download sources and javadoc] INFO  o.e.m.j.internal.DownloadSourcesJob - Downloaded sources for org.springframework.security:spring-security-test:5.1.5.RELEASE
2021-09-26 18:37:10,538 [Worker-2: Download sources and javadoc] INFO  o.e.m.j.internal.DownloadSourcesJob - Downloaded sources for org.springframework.security:spring-security-core:5.1.5.RELEASE
2021-09-26 18:37:11,146 [Worker-1: Building] INFO  o.e.m.c.i.embedder.EclipseLogger - Using 'UTF-8' encoding to copy filtered resources.
2021-09-26 18:37:11,146 [Worker-1: Building] INFO  o.e.m.c.i.embedder.EclipseLogger - Copying 0 resource
2021-09-26 18:37:11,146 [Worker-1: Building] INFO  o.e.m.c.i.embedder.EclipseLogger - Copying 0 resource
2021-09-26 18:37:11,148 [Worker-1: Building] INFO  o.e.m.c.i.embedder.EclipseLogger - Using 'UTF-8' encoding to copy filtered resources.
2021-09-26 18:37:11,148 [Worker-1: Building] INFO  o.e.m.c.i.embedder.EclipseLogger - skip non existing resourceDirectory /home/max/Estudos/alura/Spring-Cloud-microservices/microservicos/auth/src/test/resources
2021-09-26 18:37:11,179 [Worker-1: Building] INFO  o.e.m.c.i.embedder.EclipseLogger - Using 'UTF-8' encoding to copy filtered resources.
2021-09-26 18:37:11,179 [Worker-1: Building] INFO  o.e.m.c.i.embedder.EclipseLogger - Copying 0 resource
2021-09-26 18:37:11,180 [Worker-1: Building] INFO  o.e.m.c.i.embedder.EclipseLogger - Copying 0 resource
2021-09-26 18:37:11,181 [Worker-1: Building] INFO  o.e.m.c.i.embedder.EclipseLogger - Using 'UTF-8' encoding to copy filtered resources.
2021-09-26 18:37:11,181 [Worker-1: Building] INFO  o.e.m.c.i.embedder.EclipseLogger - skip non existing resourceDirectory /home/max/Estudos/alura/Spring-Cloud-microservices/microservicos/fornecedor/src/test/resources
2021-09-26 18:37:11,225 [Worker-1: Building] INFO  o.e.m.c.i.embedder.EclipseLogger - Using 'UTF-8' encoding to copy filtered resources.
2021-09-26 18:37:11,225 [Worker-1: Building] INFO  o.e.m.c.i.embedder.EclipseLogger - Copying 0 resource
2021-09-26 18:37:11,225 [Worker-1: Building] INFO  o.e.m.c.i.embedder.EclipseLogger - Copying 0 resource
2021-09-26 18:37:11,227 [Worker-1: Building] INFO  o.e.m.c.i.embedder.EclipseLogger - Using 'UTF-8' encoding to copy filtered resources.
2021-09-26 18:37:11,227 [Worker-1: Building] INFO  o.e.m.c.i.embedder.EclipseLogger - skip non existing resourceDirectory /home/max/Estudos/alura/Spring-Cloud-microservices/microservicos/loja/src/test/resources
2021-09-26 18:37:11,281 [Worker-1: Building] INFO  o.e.m.c.i.embedder.EclipseLogger - Using 'UTF-8' encoding to copy filtered resources.
2021-09-26 18:37:11,282 [Worker-1: Building] INFO  o.e.m.c.i.embedder.EclipseLogger - Copying 0 resource
2021-09-26 18:37:11,282 [Worker-1: Building] INFO  o.e.m.c.i.embedder.EclipseLogger - Copying 0 resource
2021-09-26 18:37:11,283 [Worker-1: Building] INFO  o.e.m.c.i.embedder.EclipseLogger - Using 'UTF-8' encoding to copy filtered resources.
2021-09-26 18:37:11,283 [Worker-1: Building] INFO  o.e.m.c.i.embedder.EclipseLogger - skip non existing resourceDirectory /home/max/Estudos/alura/Spring-Cloud-microservices/microservicos/zuul/src/test/resources
2021-09-26 20:07:20,204 [Worker-7: Building] INFO  o.e.m.c.i.embedder.EclipseLogger - Using 'UTF-8' encoding to copy filtered resources.
2021-09-26 20:07:20,204 [Worker-7: Building] INFO  o.e.m.c.i.embedder.EclipseLogger - Copying 0 resource
2021-09-26 20:07:20,204 [Worker-7: Building] INFO  o.e.m.c.i.embedder.EclipseLogger - Copying 0 resource
2021-09-26 20:07:20,205 [Worker-7: Building] INFO  o.e.m.c.i.embedder.EclipseLogger - Using 'UTF-8' encoding to copy filtered resources.
2021-09-26 20:07:20,206 [Worker-7: Building] INFO  o.e.m.c.i.embedder.EclipseLogger - skip non existing resourceDirectory /home/max/Estudos/alura/Spring-Cloud-microservices/microservicos/auth/src/test/resources
2021-09-26 20:07:20,535 [Worker-7: Building] INFO  o.e.m.c.i.embedder.EclipseLogger - Using 'UTF-8' encoding to copy filtered resources.
2021-09-26 20:07:20,535 [Worker-7: Building] INFO  o.e.m.c.i.embedder.EclipseLogger - Copying 0 resource
2021-09-26 20:07:20,535 [Worker-7: Building] INFO  o.e.m.c.i.embedder.EclipseLogger - Copying 0 resource
2021-09-26 20:07:20,537 [Worker-7: Building] INFO  o.e.m.c.i.embedder.EclipseLogger - Using 'UTF-8' encoding to copy filtered resources.
2021-09-26 20:07:20,537 [Worker-7: Building] INFO  o.e.m.c.i.embedder.EclipseLogger - skip non existing resourceDirectory /home/max/Estudos/alura/Spring-Cloud-microservices/microservicos/config-server/src/test/resources
2021-09-26 20:07:20,849 [Worker-7: Building] INFO  o.e.m.c.i.embedder.EclipseLogger - Using 'UTF-8' encoding to copy filtered resources.
2021-09-26 20:07:20,849 [Worker-7: Building] INFO  o.e.m.c.i.embedder.EclipseLogger - Copying 0 resource
2021-09-26 20:07:20,849 [Worker-7: Building] INFO  o.e.m.c.i.embedder.EclipseLogger - Copying 0 resource
2021-09-26 20:07:20,853 [Worker-7: Building] INFO  o.e.m.c.i.embedder.EclipseLogger - Using 'UTF-8' encoding to copy filtered resources.
2021-09-26 20:07:20,853 [Worker-7: Building] INFO  o.e.m.c.i.embedder.EclipseLogger - skip non existing resourceDirectory /home/max/Estudos/alura/Spring-Cloud-microservices/microservicos/eureka-server/src/test/resources
2021-09-26 20:07:21,181 [Worker-7: Building] INFO  o.e.m.c.i.embedder.EclipseLogger - Using 'UTF-8' encoding to copy filtered resources.
2021-09-26 20:07:21,182 [Worker-7: Building] INFO  o.e.m.c.i.embedder.EclipseLogger - Copying 0 resource
2021-09-26 20:07:21,183 [Worker-7: Building] INFO  o.e.m.c.i.embedder.EclipseLogger - Copying 0 resource
2021-09-26 20:07:21,185 [Worker-7: Building] INFO  o.e.m.c.i.embedder.EclipseLogger - Using 'UTF-8' encoding to copy filtered resources.
2021-09-26 20:07:21,185 [Worker-7: Building] INFO  o.e.m.c.i.embedder.EclipseLogger - skip non existing resourceDirectory /home/max/Estudos/alura/Spring-Cloud-microservices/microservicos/fornecedor/src/test/resources
2021-09-26 20:07:21,731 [Worker-7: Building] INFO  o.e.m.c.i.embedder.EclipseLogger - Using 'UTF-8' encoding to copy filtered resources.
2021-09-26 20:07:21,731 [Worker-7: Building] INFO  o.e.m.c.i.embedder.EclipseLogger - Copying 0 resource
2021-09-26 20:07:21,731 [Worker-7: Building] INFO  o.e.m.c.i.embedder.EclipseLogger - Copying 0 resource
2021-09-26 20:07:21,733 [Worker-7: Building] INFO  o.e.m.c.i.embedder.EclipseLogger - Using 'UTF-8' encoding to copy filtered resources.
2021-09-26 20:07:21,733 [Worker-7: Building] INFO  o.e.m.c.i.embedder.EclipseLogger - skip non existing resourceDirectory /home/max/Estudos/alura/Spring-Cloud-microservices/microservicos/loja/src/test/resources
2021-09-26 20:07:22,014 [Worker-7: Building] INFO  o.e.m.c.i.embedder.EclipseLogger - Using 'UTF-8' encoding to copy filtered resources.
2021-09-26 20:07:22,014 [Worker-7: Building] INFO  o.e.m.c.i.embedder.EclipseLogger - Copying 0 resource
2021-09-26 20:07:22,015 [Worker-7: Building] INFO  o.e.m.c.i.embedder.EclipseLogger - Copying 0 resource
2021-09-26 20:07:22,016 [Worker-7: Building] INFO  o.e.m.c.i.embedder.EclipseLogger - Using 'UTF-8' encoding to copy filtered resources.
2021-09-26 20:07:22,016 [Worker-7: Building] INFO  o.e.m.c.i.embedder.EclipseLogger - skip non existing resourceDirectory /home/max/Estudos/alura/Spring-Cloud-microservices/microservicos/transportador/src/test/resources
2021-09-26 20:07:22,285 [Worker-7: Building] INFO  o.e.m.c.i.embedder.EclipseLogger - Using 'UTF-8' encoding to copy filtered resources.
2021-09-26 20:07:22,285 [Worker-7: Building] INFO  o.e.m.c.i.embedder.EclipseLogger - Copying 0 resource
2021-09-26 20:07:22,285 [Worker-7: Building] INFO  o.e.m.c.i.embedder.EclipseLogger - Copying 0 resource
2021-09-26 20:07:22,287 [Worker-7: Building] INFO  o.e.m.c.i.embedder.EclipseLogger - Using 'UTF-8' encoding to copy filtered resources.
2021-09-26 20:07:22,287 [Worker-7: Building] INFO  o.e.m.c.i.embedder.EclipseLogger - skip non existing resourceDirectory /home/max/Estudos/alura/Spring-Cloud-microservices/microservicos/zuul/src/test/resources
2021-09-26 20:07:36,547 [Worker-9: Building] INFO  o.e.m.c.i.embedder.EclipseLogger - Using 'UTF-8' encoding to copy filtered resources.
2021-09-26 20:07:36,548 [Worker-9: Building] INFO  o.e.m.c.i.embedder.EclipseLogger - Copying 1 resource
2021-09-26 20:07:36,549 [Worker-9: Building] INFO  o.e.m.c.i.embedder.EclipseLogger - Copying 0 resource
2021-09-26 20:07:36,550 [Worker-9: Building] INFO  o.e.m.c.i.embedder.EclipseLogger - Using 'UTF-8' encoding to copy filtered resources.
2021-09-26 20:07:36,550 [Worker-9: Building] INFO  o.e.m.c.i.embedder.EclipseLogger - skip non existing resourceDirectory /home/max/Estudos/alura/Spring-Cloud-microservices/microservicos/config-server/src/test/resources
